<?xml version="1.0" ?>
<coverage branch-rate="0" branches-covered="0" branches-valid="0" complexity="0" line-rate="0.146" lines-covered="73" lines-valid="500" timestamp="1584735699896" version="5.0.3">
	<!-- Generated by coverage.py: https://coverage.readthedocs.io -->
	<!-- Based on https://raw.githubusercontent.com/cobertura/web/master/htdocs/xml/coverage-04.dtd -->
	<sources>
		<source>/Users/eddiebedada/to24/ai_assurance/sprint_5/odmodels/imageprep/imageprep</source>
	</sources>
	<packages>
		<package branch-rate="0" complexity="0" line-rate="0" name=".">
			<classes>
				<class branch-rate="0" complexity="0" filename="setup.py" line-rate="0" name="setup.py">
					<methods/>
					<lines>
						<line hits="0" number="5"/>
						<line hits="0" number="6"/>
						<line hits="0" number="9"/>
						<line hits="0" number="10"/>
						<line hits="0" number="11"/>
						<line hits="0" number="12"/>
						<line hits="0" number="13"/>
						<line hits="0" number="14"/>
						<line hits="0" number="15"/>
						<line hits="0" number="17"/>
						<line hits="0" number="18"/>
						<line hits="0" number="20"/>
						<line hits="0" number="26"/>
						<line hits="0" number="32"/>
						<line hits="0" number="34"/>
					</lines>
				</class>
			</classes>
		</package>
		<package branch-rate="0" complexity="0" line-rate="0" name="imageprep">
			<classes>
				<class branch-rate="0" complexity="0" filename="imageprep/__init__.py" line-rate="1" name="__init__.py">
					<methods/>
					<lines/>
				</class>
				<class branch-rate="0" complexity="0" filename="imageprep/coco.py" line-rate="0" name="coco.py">
					<methods/>
					<lines>
						<line hits="0" number="1"/>
						<line hits="0" number="2"/>
						<line hits="0" number="3"/>
						<line hits="0" number="4"/>
						<line hits="0" number="7"/>
						<line hits="0" number="14"/>
						<line hits="0" number="15"/>
						<line hits="0" number="16"/>
						<line hits="0" number="18"/>
						<line hits="0" number="20"/>
						<line hits="0" number="21"/>
						<line hits="0" number="23"/>
						<line hits="0" number="24"/>
						<line hits="0" number="25"/>
						<line hits="0" number="26"/>
						<line hits="0" number="27"/>
						<line hits="0" number="28"/>
						<line hits="0" number="30"/>
						<line hits="0" number="31"/>
						<line hits="0" number="32"/>
						<line hits="0" number="33"/>
						<line hits="0" number="34"/>
						<line hits="0" number="35"/>
						<line hits="0" number="36"/>
						<line hits="0" number="38"/>
						<line hits="0" number="41"/>
						<line hits="0" number="49"/>
						<line hits="0" number="50"/>
						<line hits="0" number="51"/>
						<line hits="0" number="53"/>
						<line hits="0" number="54"/>
						<line hits="0" number="55"/>
						<line hits="0" number="56"/>
						<line hits="0" number="58"/>
						<line hits="0" number="61"/>
						<line hits="0" number="69"/>
						<line hits="0" number="71"/>
						<line hits="0" number="73"/>
						<line hits="0" number="74"/>
						<line hits="0" number="75"/>
						<line hits="0" number="76"/>
						<line hits="0" number="78"/>
						<line hits="0" number="79"/>
						<line hits="0" number="80"/>
						<line hits="0" number="81"/>
						<line hits="0" number="83"/>
						<line hits="0" number="84"/>
						<line hits="0" number="85"/>
						<line hits="0" number="87"/>
						<line hits="0" number="88"/>
						<line hits="0" number="89"/>
						<line hits="0" number="91"/>
						<line hits="0" number="93"/>
						<line hits="0" number="95"/>
						<line hits="0" number="96"/>
						<line hits="0" number="97"/>
						<line hits="0" number="99"/>
						<line hits="0" number="102"/>
						<line hits="0" number="110"/>
						<line hits="0" number="111"/>
						<line hits="0" number="112"/>
						<line hits="0" number="113"/>
						<line hits="0" number="114"/>
						<line hits="0" number="116"/>
						<line hits="0" number="117"/>
						<line hits="0" number="118"/>
						<line hits="0" number="119"/>
						<line hits="0" number="121"/>
						<line hits="0" number="122"/>
						<line hits="0" number="124"/>
						<line hits="0" number="125"/>
						<line hits="0" number="127"/>
						<line hits="0" number="130"/>
						<line hits="0" number="138"/>
						<line hits="0" number="139"/>
						<line hits="0" number="140"/>
						<line hits="0" number="142"/>
						<line hits="0" number="143"/>
						<line hits="0" number="144"/>
						<line hits="0" number="145"/>
						<line hits="0" number="146"/>
						<line hits="0" number="147"/>
						<line hits="0" number="149"/>
						<line hits="0" number="150"/>
						<line hits="0" number="151"/>
						<line hits="0" number="152"/>
						<line hits="0" number="153"/>
						<line hits="0" number="155"/>
						<line hits="0" number="158"/>
						<line hits="0" number="166"/>
						<line hits="0" number="167"/>
						<line hits="0" number="168"/>
						<line hits="0" number="170"/>
						<line hits="0" number="171"/>
						<line hits="0" number="173"/>
						<line hits="0" number="174"/>
						<line hits="0" number="175"/>
						<line hits="0" number="176"/>
						<line hits="0" number="178"/>
						<line hits="0" number="181"/>
						<line hits="0" number="190"/>
						<line hits="0" number="192"/>
						<line hits="0" number="193"/>
						<line hits="0" number="194"/>
						<line hits="0" number="196"/>
						<line hits="0" number="197"/>
						<line hits="0" number="198"/>
						<line hits="0" number="199"/>
						<line hits="0" number="200"/>
						<line hits="0" number="201"/>
						<line hits="0" number="202"/>
						<line hits="0" number="203"/>
						<line hits="0" number="204"/>
						<line hits="0" number="205"/>
						<line hits="0" number="206"/>
						<line hits="0" number="207"/>
						<line hits="0" number="209"/>
						<line hits="0" number="212"/>
						<line hits="0" number="214"/>
						<line hits="0" number="215"/>
						<line hits="0" number="216"/>
						<line hits="0" number="218"/>
						<line hits="0" number="220"/>
						<line hits="0" number="223"/>
						<line hits="0" number="232"/>
						<line hits="0" number="233"/>
						<line hits="0" number="234"/>
						<line hits="0" number="235"/>
						<line hits="0" number="237"/>
						<line hits="0" number="238"/>
						<line hits="0" number="239"/>
						<line hits="0" number="241"/>
						<line hits="0" number="242"/>
						<line hits="0" number="244"/>
						<line hits="0" number="245"/>
						<line hits="0" number="246"/>
						<line hits="0" number="247"/>
						<line hits="0" number="249"/>
						<line hits="0" number="252"/>
						<line hits="0" number="261"/>
						<line hits="0" number="262"/>
						<line hits="0" number="263"/>
						<line hits="0" number="264"/>
						<line hits="0" number="265"/>
						<line hits="0" number="267"/>
						<line hits="0" number="268"/>
						<line hits="0" number="269"/>
						<line hits="0" number="271"/>
						<line hits="0" number="274"/>
						<line hits="0" number="283"/>
						<line hits="0" number="284"/>
						<line hits="0" number="285"/>
						<line hits="0" number="286"/>
						<line hits="0" number="287"/>
						<line hits="0" number="288"/>
						<line hits="0" number="289"/>
						<line hits="0" number="291"/>
						<line hits="0" number="292"/>
						<line hits="0" number="293"/>
						<line hits="0" number="294"/>
						<line hits="0" number="296"/>
						<line hits="0" number="297"/>
						<line hits="0" number="298"/>
						<line hits="0" number="299"/>
						<line hits="0" number="300"/>
						<line hits="0" number="302"/>
						<line hits="0" number="306"/>
						<line hits="0" number="308"/>
						<line hits="0" number="309"/>
						<line hits="0" number="310"/>
						<line hits="0" number="311"/>
						<line hits="0" number="313"/>
						<line hits="0" number="314"/>
						<line hits="0" number="316"/>
					</lines>
				</class>
				<class branch-rate="0" complexity="0" filename="imageprep/imcli.py" line-rate="0" name="imcli.py">
					<methods/>
					<lines>
						<line hits="0" number="2"/>
						<line hits="0" number="3"/>
						<line hits="0" number="4"/>
						<line hits="0" number="7"/>
						<line hits="0" number="10"/>
						<line hits="0" number="14"/>
						<line hits="0" number="17"/>
						<line hits="0" number="18"/>
						<line hits="0" number="28"/>
						<line hits="0" number="29"/>
						<line hits="0" number="32"/>
						<line hits="0" number="33"/>
						<line hits="0" number="34"/>
						<line hits="0" number="38"/>
						<line hits="0" number="40"/>
						<line hits="0" number="42"/>
						<line hits="0" number="44"/>
						<line hits="0" number="47"/>
						<line hits="0" number="48"/>
						<line hits="0" number="49"/>
						<line hits="0" number="53"/>
						<line hits="0" number="56"/>
						<line hits="0" number="57"/>
						<line hits="0" number="58"/>
						<line hits="0" number="59"/>
						<line hits="0" number="64"/>
						<line hits="0" number="65"/>
						<line hits="0" number="68"/>
						<line hits="0" number="69"/>
						<line hits="0" number="70"/>
						<line hits="0" number="71"/>
					</lines>
				</class>
				<class branch-rate="0" complexity="0" filename="imageprep/utils.py" line-rate="0" name="utils.py">
					<methods/>
					<lines>
						<line hits="0" number="1"/>
						<line hits="0" number="2"/>
						<line hits="0" number="3"/>
						<line hits="0" number="6"/>
						<line hits="0" number="15"/>
						<line hits="0" number="18"/>
						<line hits="0" number="20"/>
						<line hits="0" number="21"/>
						<line hits="0" number="22"/>
						<line hits="0" number="23"/>
						<line hits="0" number="25"/>
						<line hits="0" number="26"/>
						<line hits="0" number="28"/>
						<line hits="0" number="29"/>
						<line hits="0" number="31"/>
						<line hits="0" number="33"/>
						<line hits="0" number="35"/>
						<line hits="0" number="36"/>
						<line hits="0" number="38"/>
						<line hits="0" number="39"/>
						<line hits="0" number="41"/>
						<line hits="0" number="44"/>
						<line hits="0" number="55"/>
						<line hits="0" number="56"/>
						<line hits="0" number="61"/>
						<line hits="0" number="62"/>
						<line hits="0" number="64"/>
						<line hits="0" number="65"/>
						<line hits="0" number="67"/>
						<line hits="0" number="68"/>
						<line hits="0" number="70"/>
						<line hits="0" number="71"/>
						<line hits="0" number="73"/>
						<line hits="0" number="74"/>
						<line hits="0" number="75"/>
						<line hits="0" number="76"/>
						<line hits="0" number="78"/>
						<line hits="0" number="80"/>
						<line hits="0" number="82"/>
						<line hits="0" number="84"/>
						<line hits="0" number="87"/>
						<line hits="0" number="95"/>
						<line hits="0" number="96"/>
						<line hits="0" number="97"/>
						<line hits="0" number="98"/>
						<line hits="0" number="99"/>
						<line hits="0" number="100"/>
						<line hits="0" number="102"/>
						<line hits="0" number="103"/>
						<line hits="0" number="106"/>
						<line hits="0" number="115"/>
						<line hits="0" number="116"/>
						<line hits="0" number="117"/>
						<line hits="0" number="118"/>
						<line hits="0" number="119"/>
						<line hits="0" number="121"/>
						<line hits="0" number="122"/>
						<line hits="0" number="124"/>
						<line hits="0" number="125"/>
						<line hits="0" number="128"/>
						<line hits="0" number="138"/>
						<line hits="0" number="140"/>
						<line hits="0" number="141"/>
						<line hits="0" number="142"/>
						<line hits="0" number="143"/>
						<line hits="0" number="144"/>
						<line hits="0" number="145"/>
						<line hits="0" number="146"/>
						<line hits="0" number="147"/>
						<line hits="0" number="148"/>
						<line hits="0" number="149"/>
						<line hits="0" number="152"/>
						<line hits="0" number="153"/>
						<line hits="0" number="155"/>
						<line hits="0" number="158"/>
						<line hits="0" number="166"/>
						<line hits="0" number="167"/>
						<line hits="0" number="168"/>
						<line hits="0" number="169"/>
						<line hits="0" number="172"/>
						<line hits="0" number="181"/>
						<line hits="0" number="182"/>
						<line hits="0" number="183"/>
						<line hits="0" number="184"/>
						<line hits="0" number="185"/>
						<line hits="0" number="186"/>
						<line hits="0" number="187"/>
						<line hits="0" number="188"/>
						<line hits="0" number="190"/>
						<line hits="0" number="192"/>
						<line hits="0" number="195"/>
						<line hits="0" number="204"/>
						<line hits="0" number="205"/>
						<line hits="0" number="206"/>
						<line hits="0" number="207"/>
						<line hits="0" number="208"/>
						<line hits="0" number="209"/>
						<line hits="0" number="210"/>
						<line hits="0" number="211"/>
						<line hits="0" number="212"/>
						<line hits="0" number="213"/>
						<line hits="0" number="214"/>
						<line hits="0" number="216"/>
						<line hits="0" number="218"/>
						<line hits="0" number="221"/>
						<line hits="0" number="229"/>
						<line hits="0" number="230"/>
						<line hits="0" number="231"/>
						<line hits="0" number="232"/>
						<line hits="0" number="233"/>
						<line hits="0" number="234"/>
						<line hits="0" number="235"/>
						<line hits="0" number="236"/>
						<line hits="0" number="237"/>
						<line hits="0" number="238"/>
						<line hits="0" number="240"/>
						<line hits="0" number="241"/>
						<line hits="0" number="243"/>
						<line hits="0" number="246"/>
						<line hits="0" number="254"/>
						<line hits="0" number="255"/>
						<line hits="0" number="256"/>
						<line hits="0" number="257"/>
						<line hits="0" number="258"/>
						<line hits="0" number="260"/>
						<line hits="0" number="261"/>
						<line hits="0" number="262"/>
						<line hits="0" number="263"/>
						<line hits="0" number="265"/>
						<line hits="0" number="267"/>
					</lines>
				</class>
				<class branch-rate="0" complexity="0" filename="imageprep/voc.py" line-rate="1" name="voc.py">
					<methods/>
					<lines/>
				</class>
				<class branch-rate="0" complexity="0" filename="imageprep/yolo.py" line-rate="0" name="yolo.py">
					<methods/>
					<lines>
						<line hits="0" number="1"/>
						<line hits="0" number="2"/>
						<line hits="0" number="5"/>
						<line hits="0" number="13"/>
						<line hits="0" number="14"/>
						<line hits="0" number="15"/>
						<line hits="0" number="16"/>
						<line hits="0" number="17"/>
						<line hits="0" number="18"/>
						<line hits="0" number="19"/>
						<line hits="0" number="20"/>
						<line hits="0" number="21"/>
						<line hits="0" number="22"/>
						<line hits="0" number="24"/>
						<line hits="0" number="27"/>
						<line hits="0" number="45"/>
						<line hits="0" number="46"/>
						<line hits="0" number="47"/>
						<line hits="0" number="48"/>
						<line hits="0" number="49"/>
						<line hits="0" number="50"/>
						<line hits="0" number="51"/>
						<line hits="0" number="53"/>
						<line hits="0" number="54"/>
						<line hits="0" number="56"/>
						<line hits="0" number="59"/>
						<line hits="0" number="68"/>
						<line hits="0" number="69"/>
						<line hits="0" number="71"/>
						<line hits="0" number="72"/>
						<line hits="0" number="73"/>
						<line hits="0" number="74"/>
						<line hits="0" number="75"/>
						<line hits="0" number="76"/>
						<line hits="0" number="78"/>
						<line hits="0" number="79"/>
						<line hits="0" number="80"/>
						<line hits="0" number="82"/>
						<line hits="0" number="83"/>
						<line hits="0" number="84"/>
						<line hits="0" number="85"/>
						<line hits="0" number="86"/>
						<line hits="0" number="88"/>
						<line hits="0" number="89"/>
						<line hits="0" number="90"/>
						<line hits="0" number="91"/>
						<line hits="0" number="93"/>
						<line hits="0" number="95"/>
						<line hits="0" number="96"/>
						<line hits="0" number="97"/>
						<line hits="0" number="100"/>
						<line hits="0" number="109"/>
						<line hits="0" number="110"/>
						<line hits="0" number="112"/>
						<line hits="0" number="113"/>
						<line hits="0" number="114"/>
						<line hits="0" number="115"/>
						<line hits="0" number="116"/>
						<line hits="0" number="117"/>
						<line hits="0" number="119"/>
						<line hits="0" number="120"/>
						<line hits="0" number="121"/>
						<line hits="0" number="123"/>
						<line hits="0" number="124"/>
						<line hits="0" number="125"/>
						<line hits="0" number="126"/>
						<line hits="0" number="127"/>
						<line hits="0" number="129"/>
						<line hits="0" number="130"/>
						<line hits="0" number="131"/>
						<line hits="0" number="132"/>
						<line hits="0" number="134"/>
						<line hits="0" number="136"/>
						<line hits="0" number="137"/>
						<line hits="0" number="138"/>
					</lines>
				</class>
			</classes>
		</package>
		<package branch-rate="0" complexity="0" line-rate="0.9733" name="tests">
			<classes>
				<class branch-rate="0" complexity="0" filename="tests/test_coco.py" line-rate="0.9512" name="test_coco.py">
					<methods/>
					<lines>
						<line hits="1" number="1"/>
						<line hits="1" number="2"/>
						<line hits="1" number="5"/>
						<line hits="1" number="7"/>
						<line hits="1" number="8"/>
						<line hits="1" number="11"/>
						<line hits="1" number="12"/>
						<line hits="1" number="15"/>
						<line hits="1" number="16"/>
						<line hits="1" number="19"/>
						<line hits="1" number="21"/>
						<line hits="1" number="22"/>
						<line hits="1" number="23"/>
						<line hits="1" number="25"/>
						<line hits="1" number="26"/>
						<line hits="1" number="27"/>
						<line hits="1" number="32"/>
						<line hits="1" number="34"/>
						<line hits="1" number="35"/>
						<line hits="1" number="36"/>
						<line hits="1" number="37"/>
						<line hits="1" number="40"/>
						<line hits="1" number="41"/>
						<line hits="1" number="42"/>
						<line hits="1" number="45"/>
						<line hits="1" number="46"/>
						<line hits="1" number="47"/>
						<line hits="1" number="48"/>
						<line hits="1" number="49"/>
						<line hits="1" number="50"/>
						<line hits="1" number="53"/>
						<line hits="1" number="54"/>
						<line hits="1" number="55"/>
						<line hits="1" number="56"/>
						<line hits="1" number="57"/>
						<line hits="1" number="58"/>
						<line hits="1" number="59"/>
						<line hits="1" number="60"/>
						<line hits="0" number="61"/>
						<line hits="1" number="63"/>
						<line hits="0" number="64"/>
					</lines>
				</class>
				<class branch-rate="0" complexity="0" filename="tests/test_utils.py" line-rate="1" name="test_utils.py">
					<methods/>
					<lines>
						<line hits="1" number="1"/>
						<line hits="1" number="4"/>
						<line hits="1" number="6"/>
						<line hits="1" number="7"/>
						<line hits="1" number="10"/>
						<line hits="1" number="11"/>
						<line hits="1" number="14"/>
						<line hits="1" number="15"/>
						<line hits="1" number="18"/>
						<line hits="1" number="19"/>
						<line hits="1" number="20"/>
						<line hits="1" number="23"/>
						<line hits="1" number="24"/>
						<line hits="1" number="25"/>
						<line hits="1" number="28"/>
						<line hits="1" number="29"/>
						<line hits="1" number="30"/>
					</lines>
				</class>
				<class branch-rate="0" complexity="0" filename="tests/test_yolo.py" line-rate="1" name="test_yolo.py">
					<methods/>
					<lines>
						<line hits="1" number="1"/>
						<line hits="1" number="2"/>
						<line hits="1" number="5"/>
						<line hits="1" number="7"/>
						<line hits="1" number="8"/>
						<line hits="1" number="11"/>
						<line hits="1" number="12"/>
						<line hits="1" number="14"/>
						<line hits="1" number="15"/>
						<line hits="1" number="18"/>
						<line hits="1" number="19"/>
						<line hits="1" number="22"/>
						<line hits="1" number="23"/>
						<line hits="1" number="24"/>
						<line hits="1" number="27"/>
						<line hits="1" number="28"/>
						<line hits="1" number="29"/>
					</lines>
				</class>
			</classes>
		</package>
	</packages>
</coverage>
